26-Oct-2016 15:59:18.450 INFO [main] org.apache.catalina.startup.VersionLoggerListener.log Server version:        Apache Tomcat/9.0.0.M12-dev
26-Oct-2016 15:59:18.451 INFO [main] org.apache.catalina.startup.VersionLoggerListener.log Server built:          Oct 26 2016 19:50:11 UTC
26-Oct-2016 15:59:18.451 INFO [main] org.apache.catalina.startup.VersionLoggerListener.log Server number:         9.0.0.0
26-Oct-2016 15:59:18.451 INFO [main] org.apache.catalina.startup.VersionLoggerListener.log OS Name:               Linux
26-Oct-2016 15:59:18.451 INFO [main] org.apache.catalina.startup.VersionLoggerListener.log OS Version:            4.4.0-21-generic
26-Oct-2016 15:59:18.452 INFO [main] org.apache.catalina.startup.VersionLoggerListener.log Architecture:          amd64
26-Oct-2016 15:59:18.452 INFO [main] org.apache.catalina.startup.VersionLoggerListener.log Java Home:             /usr/lib/jvm/java-8-openjdk-amd64/jre
26-Oct-2016 15:59:18.452 INFO [main] org.apache.catalina.startup.VersionLoggerListener.log JVM Version:           1.8.0_91-8u91-b14-3ubuntu1~16.04.1-b14
26-Oct-2016 15:59:18.452 INFO [main] org.apache.catalina.startup.VersionLoggerListener.log JVM Vendor:            Oracle Corporation
26-Oct-2016 15:59:18.452 INFO [main] org.apache.catalina.startup.VersionLoggerListener.log CATALINA_BASE:         /home/shanti/git/tomcat9/output/build
26-Oct-2016 15:59:18.452 INFO [main] org.apache.catalina.startup.VersionLoggerListener.log CATALINA_HOME:         /home/shanti/git/tomcat9/output/build
26-Oct-2016 15:59:18.452 INFO [main] org.apache.catalina.startup.VersionLoggerListener.log Command line argument: -Djava.util.logging.config.file=/home/shanti/git/tomcat9/output/build/conf/logging.properties
26-Oct-2016 15:59:18.452 INFO [main] org.apache.catalina.startup.VersionLoggerListener.log Command line argument: -Djava.util.logging.manager=org.apache.juli.ClassLoaderLogManager
26-Oct-2016 15:59:18.452 INFO [main] org.apache.catalina.startup.VersionLoggerListener.log Command line argument: -Djdk.tls.ephemeralDHKeySize=2048
26-Oct-2016 15:59:18.452 INFO [main] org.apache.catalina.startup.VersionLoggerListener.log Command line argument: -Djava.protocol.handler.pkgs=org.apache.catalina.webresources
26-Oct-2016 15:59:18.452 INFO [main] org.apache.catalina.startup.VersionLoggerListener.log Command line argument: -Dcatalina.base=/home/shanti/git/tomcat9/output/build
26-Oct-2016 15:59:18.452 INFO [main] org.apache.catalina.startup.VersionLoggerListener.log Command line argument: -Dcatalina.home=/home/shanti/git/tomcat9/output/build
26-Oct-2016 15:59:18.452 INFO [main] org.apache.catalina.startup.VersionLoggerListener.log Command line argument: -Djava.io.tmpdir=/home/shanti/git/tomcat9/output/build/temp
26-Oct-2016 15:59:18.453 INFO [main] org.apache.catalina.core.AprLifecycleListener.lifecycleEvent The APR based Apache Tomcat Native library which allows optimal performance in production environments was not found on the java.library.path: /usr/java/packages/lib/amd64:/usr/lib/x86_64-linux-gnu/jni:/lib/x86_64-linux-gnu:/usr/lib/x86_64-linux-gnu:/usr/lib/jni:/lib:/usr/lib
26-Oct-2016 15:59:18.507 INFO [main] org.apache.coyote.AbstractProtocol.init Initializing ProtocolHandler ["http-nio-8080"]
26-Oct-2016 15:59:18.516 INFO [main] org.apache.tomcat.util.net.NioSelectorPool.getSharedSelector Using a shared selector for servlet write/read
26-Oct-2016 15:59:18.518 INFO [main] org.apache.coyote.AbstractProtocol.init Initializing ProtocolHandler ["ajp-nio-8009"]
26-Oct-2016 15:59:18.520 INFO [main] org.apache.tomcat.util.net.NioSelectorPool.getSharedSelector Using a shared selector for servlet write/read
26-Oct-2016 15:59:18.520 INFO [main] org.apache.catalina.startup.Catalina.load Initialization processed in 325 ms
26-Oct-2016 15:59:18.535 INFO [main] org.apache.catalina.core.StandardService.startInternal Starting service Catalina
26-Oct-2016 15:59:18.535 INFO [main] org.apache.catalina.core.StandardEngine.startInternal Starting Servlet Engine: Apache Tomcat/9.0.0.M12-dev
26-Oct-2016 15:59:18.560 INFO [localhost-startStop-1] org.apache.catalina.startup.HostConfig.deployDirectory Deploying web application directory /home/shanti/git/tomcat9/output/build/webapps/manager
26-Oct-2016 15:59:18.903 INFO [localhost-startStop-1] org.apache.catalina.startup.HostConfig.deployDirectory Deployment of web application directory /home/shanti/git/tomcat9/output/build/webapps/manager has finished in 342 ms
26-Oct-2016 15:59:18.903 INFO [localhost-startStop-1] org.apache.catalina.startup.HostConfig.deployDirectory Deploying web application directory /home/shanti/git/tomcat9/output/build/webapps/docs
26-Oct-2016 15:59:18.922 INFO [localhost-startStop-1] org.apache.catalina.startup.HostConfig.deployDirectory Deployment of web application directory /home/shanti/git/tomcat9/output/build/webapps/docs has finished in 19 ms
26-Oct-2016 15:59:18.922 INFO [localhost-startStop-1] org.apache.catalina.startup.HostConfig.deployDirectory Deploying web application directory /home/shanti/git/tomcat9/output/build/webapps/host-manager
26-Oct-2016 15:59:18.942 INFO [localhost-startStop-1] org.apache.catalina.startup.HostConfig.deployDirectory Deployment of web application directory /home/shanti/git/tomcat9/output/build/webapps/host-manager has finished in 20 ms
26-Oct-2016 15:59:18.942 INFO [localhost-startStop-1] org.apache.catalina.startup.HostConfig.deployDirectory Deploying web application directory /home/shanti/git/tomcat9/output/build/webapps/ROOT
26-Oct-2016 15:59:18.958 INFO [localhost-startStop-1] org.apache.catalina.startup.HostConfig.deployDirectory Deployment of web application directory /home/shanti/git/tomcat9/output/build/webapps/ROOT has finished in 16 ms
26-Oct-2016 15:59:18.958 INFO [localhost-startStop-1] org.apache.catalina.startup.HostConfig.deployDirectory Deploying web application directory /home/shanti/git/tomcat9/output/build/webapps/examples
26-Oct-2016 15:59:19.124 INFO [localhost-startStop-1] org.apache.catalina.startup.HostConfig.deployDirectory Deployment of web application directory /home/shanti/git/tomcat9/output/build/webapps/examples has finished in 166 ms
26-Oct-2016 15:59:19.126 INFO [main] org.apache.coyote.AbstractProtocol.start Starting ProtocolHandler [http-nio-8080]
26-Oct-2016 15:59:19.129 INFO [main] org.apache.coyote.AbstractProtocol.start Starting ProtocolHandler [ajp-nio-8009]
26-Oct-2016 15:59:19.130 INFO [main] org.apache.catalina.startup.Catalina.start Server startup in 609 ms
26-Oct-2016 15:59:22.209 INFO [main] org.apache.catalina.core.StandardServer.await A valid shutdown command was received via the shutdown port. Stopping the Server instance.
26-Oct-2016 15:59:22.210 INFO [main] org.apache.coyote.AbstractProtocol.pause Pausing ProtocolHandler ["http-nio-8080"]
26-Oct-2016 15:59:22.262 INFO [main] org.apache.coyote.AbstractProtocol.pause Pausing ProtocolHandler ["ajp-nio-8009"]
26-Oct-2016 15:59:22.313 INFO [main] org.apache.catalina.core.StandardService.stopInternal Stopping service Catalina
26-Oct-2016 15:59:22.329 INFO [main] org.apache.coyote.AbstractProtocol.stop Stopping ProtocolHandler ["http-nio-8080"]
26-Oct-2016 15:59:22.330 INFO [main] org.apache.coyote.AbstractProtocol.stop Stopping ProtocolHandler ["ajp-nio-8009"]
26-Oct-2016 15:59:22.330 INFO [main] org.apache.coyote.AbstractProtocol.destroy Destroying ProtocolHandler ["http-nio-8080"]
26-Oct-2016 15:59:22.330 INFO [main] org.apache.coyote.AbstractProtocol.destroy Destroying ProtocolHandler ["ajp-nio-8009"]
26-Oct-2016 15:59:26.236 INFO [main] org.apache.catalina.startup.VersionLoggerListener.log Server version:        Apache Tomcat/9.0.0.M12-dev
26-Oct-2016 15:59:26.237 INFO [main] org.apache.catalina.startup.VersionLoggerListener.log Server built:          Oct 26 2016 19:50:11 UTC
26-Oct-2016 15:59:26.237 INFO [main] org.apache.catalina.startup.VersionLoggerListener.log Server number:         9.0.0.0
26-Oct-2016 15:59:26.237 INFO [main] org.apache.catalina.startup.VersionLoggerListener.log OS Name:               Linux
26-Oct-2016 15:59:26.237 INFO [main] org.apache.catalina.startup.VersionLoggerListener.log OS Version:            4.4.0-21-generic
26-Oct-2016 15:59:26.237 INFO [main] org.apache.catalina.startup.VersionLoggerListener.log Architecture:          amd64
26-Oct-2016 15:59:26.237 INFO [main] org.apache.catalina.startup.VersionLoggerListener.log Java Home:             /usr/lib/jvm/java-8-openjdk-amd64/jre
26-Oct-2016 15:59:26.237 INFO [main] org.apache.catalina.startup.VersionLoggerListener.log JVM Version:           1.8.0_91-8u91-b14-3ubuntu1~16.04.1-b14
26-Oct-2016 15:59:26.237 INFO [main] org.apache.catalina.startup.VersionLoggerListener.log JVM Vendor:            Oracle Corporation
26-Oct-2016 15:59:26.237 INFO [main] org.apache.catalina.startup.VersionLoggerListener.log CATALINA_BASE:         /home/shanti/git/tomcat9/output/build
26-Oct-2016 15:59:26.237 INFO [main] org.apache.catalina.startup.VersionLoggerListener.log CATALINA_HOME:         /home/shanti/git/tomcat9/output/build
26-Oct-2016 15:59:26.238 INFO [main] org.apache.catalina.startup.VersionLoggerListener.log Command line argument: -Djava.util.logging.config.file=/home/shanti/git/tomcat9/output/build/conf/logging.properties
26-Oct-2016 15:59:26.238 INFO [main] org.apache.catalina.startup.VersionLoggerListener.log Command line argument: -Djava.util.logging.manager=org.apache.juli.ClassLoaderLogManager
26-Oct-2016 15:59:26.238 INFO [main] org.apache.catalina.startup.VersionLoggerListener.log Command line argument: -Djdk.tls.ephemeralDHKeySize=2048
26-Oct-2016 15:59:26.238 INFO [main] org.apache.catalina.startup.VersionLoggerListener.log Command line argument: -Djava.protocol.handler.pkgs=org.apache.catalina.webresources
26-Oct-2016 15:59:26.238 INFO [main] org.apache.catalina.startup.VersionLoggerListener.log Command line argument: -Dcatalina.base=/home/shanti/git/tomcat9/output/build
26-Oct-2016 15:59:26.238 INFO [main] org.apache.catalina.startup.VersionLoggerListener.log Command line argument: -Dcatalina.home=/home/shanti/git/tomcat9/output/build
26-Oct-2016 15:59:26.238 INFO [main] org.apache.catalina.startup.VersionLoggerListener.log Command line argument: -Djava.io.tmpdir=/home/shanti/git/tomcat9/output/build/temp
26-Oct-2016 15:59:26.238 INFO [main] org.apache.catalina.core.AprLifecycleListener.lifecycleEvent The APR based Apache Tomcat Native library which allows optimal performance in production environments was not found on the java.library.path: /usr/java/packages/lib/amd64:/usr/lib/x86_64-linux-gnu/jni:/lib/x86_64-linux-gnu:/usr/lib/x86_64-linux-gnu:/usr/lib/jni:/lib:/usr/lib
26-Oct-2016 15:59:26.302 INFO [main] org.apache.coyote.AbstractProtocol.init Initializing ProtocolHandler ["http-nio-8080"]
26-Oct-2016 15:59:26.313 INFO [main] org.apache.tomcat.util.net.NioSelectorPool.getSharedSelector Using a shared selector for servlet write/read
26-Oct-2016 15:59:26.315 INFO [main] org.apache.coyote.AbstractProtocol.init Initializing ProtocolHandler ["ajp-nio-8009"]
26-Oct-2016 15:59:26.316 INFO [main] org.apache.tomcat.util.net.NioSelectorPool.getSharedSelector Using a shared selector for servlet write/read
26-Oct-2016 15:59:26.318 INFO [main] org.apache.catalina.startup.Catalina.load Initialization processed in 315 ms
26-Oct-2016 15:59:26.337 INFO [main] org.apache.catalina.core.StandardService.startInternal Starting service Catalina
26-Oct-2016 15:59:26.337 INFO [main] org.apache.catalina.core.StandardEngine.startInternal Starting Servlet Engine: Apache Tomcat/9.0.0.M12-dev
26-Oct-2016 15:59:26.344 INFO [localhost-startStop-1] org.apache.catalina.startup.HostConfig.deployDirectory Deploying web application directory /home/shanti/git/tomcat9/output/build/webapps/manager
26-Oct-2016 15:59:26.565 INFO [localhost-startStop-1] org.apache.catalina.startup.HostConfig.deployDirectory Deployment of web application directory /home/shanti/git/tomcat9/output/build/webapps/manager has finished in 221 ms
26-Oct-2016 15:59:26.566 INFO [localhost-startStop-1] org.apache.catalina.startup.HostConfig.deployDirectory Deploying web application directory /home/shanti/git/tomcat9/output/build/webapps/docs
26-Oct-2016 15:59:26.576 INFO [localhost-startStop-1] org.apache.catalina.startup.HostConfig.deployDirectory Deployment of web application directory /home/shanti/git/tomcat9/output/build/webapps/docs has finished in 11 ms
26-Oct-2016 15:59:26.576 INFO [localhost-startStop-1] org.apache.catalina.startup.HostConfig.deployDirectory Deploying web application directory /home/shanti/git/tomcat9/output/build/webapps/host-manager
26-Oct-2016 15:59:26.589 INFO [localhost-startStop-1] org.apache.catalina.startup.HostConfig.deployDirectory Deployment of web application directory /home/shanti/git/tomcat9/output/build/webapps/host-manager has finished in 13 ms
26-Oct-2016 15:59:26.589 INFO [localhost-startStop-1] org.apache.catalina.startup.HostConfig.deployDirectory Deploying web application directory /home/shanti/git/tomcat9/output/build/webapps/ROOT
26-Oct-2016 15:59:26.599 INFO [localhost-startStop-1] org.apache.catalina.startup.HostConfig.deployDirectory Deployment of web application directory /home/shanti/git/tomcat9/output/build/webapps/ROOT has finished in 10 ms
26-Oct-2016 15:59:26.599 INFO [localhost-startStop-1] org.apache.catalina.startup.HostConfig.deployDirectory Deploying web application directory /home/shanti/git/tomcat9/output/build/webapps/examples
26-Oct-2016 15:59:26.704 INFO [localhost-startStop-1] org.apache.catalina.startup.HostConfig.deployDirectory Deployment of web application directory /home/shanti/git/tomcat9/output/build/webapps/examples has finished in 105 ms
26-Oct-2016 15:59:26.706 INFO [main] org.apache.coyote.AbstractProtocol.start Starting ProtocolHandler [http-nio-8080]
26-Oct-2016 15:59:26.709 INFO [main] org.apache.coyote.AbstractProtocol.start Starting ProtocolHandler [ajp-nio-8009]
26-Oct-2016 15:59:26.710 INFO [main] org.apache.catalina.startup.Catalina.start Server startup in 391 ms
26-Oct-2016 15:59:46.374 INFO [Thread-5] org.apache.coyote.AbstractProtocol.pause Pausing ProtocolHandler ["http-nio-8080"]
26-Oct-2016 15:59:46.426 INFO [Thread-5] org.apache.coyote.AbstractProtocol.pause Pausing ProtocolHandler ["ajp-nio-8009"]
26-Oct-2016 15:59:46.477 INFO [Thread-5] org.apache.catalina.core.StandardService.stopInternal Stopping service Catalina
26-Oct-2016 15:59:46.493 INFO [Thread-5] org.apache.coyote.AbstractProtocol.stop Stopping ProtocolHandler ["http-nio-8080"]
26-Oct-2016 15:59:46.494 INFO [Thread-5] org.apache.coyote.AbstractProtocol.stop Stopping ProtocolHandler ["ajp-nio-8009"]
26-Oct-2016 15:59:46.495 INFO [Thread-5] org.apache.coyote.AbstractProtocol.destroy Destroying ProtocolHandler ["http-nio-8080"]
26-Oct-2016 15:59:46.495 INFO [Thread-5] org.apache.coyote.AbstractProtocol.destroy Destroying ProtocolHandler ["ajp-nio-8009"]
